Godot Engine v3.4.3.stable.official.242c05d12 - https://godotengine.org
OpenGL ES 3.0 Renderer: AMD Radeon Pro 450 OpenGL Engine
OpenGL ES Batching: ON
 
Registered camera FaceTime HD Camera (Built-in) with id 1 position 0 at index 0

Debugger Break, Reason: 'Parser Error: Expected a type for the class variable.'
*Frame 0 - res://addons/gut/gut.gd:41 in function ''
Enter "help" for assistance.
debug> SCRIPT ERROR: Parse Error: Expected a type for the class variable.
   at: GDScript::reload (res://addons/gut/gut.gd:41) - Parse Error: Expected a type for the class variable.
ERROR: Method failed. Returning: ERR_PARSE_ERROR
   at: reload (modules/gdscript/gdscript.cpp:577) - Method failed. Returning: ERR_PARSE_ERROR
ERROR: res://addons/gut/gui/GutRunner.tscn:1 - Parse Error: Saved with newer format version
   at: open (scene/resources/resource_format_text.cpp:812) - res://addons/gut/gui/GutRunner.tscn:1 - Parse Error: Saved with newer format version
ERROR: Failed to load resource 'res://addons/gut/gui/GutRunner.tscn'.
   at: load (core/io/resource_loader.cpp:206) - Condition "err != OK" is true. Returned: RES()
ERROR: Failed loading resource: res://addons/gut/gui/GutRunner.tscn. Make sure resources have been imported by opening the project in the editor at least once.
   at: _load (core/io/resource_loader.cpp:271) - Condition "found" is true. Returned: RES()

Debugger Break, Reason: 'Invalid call. Nonexistent function 'new' in base '_JSON'.'
*Frame 0 - res://addons/gut/gut_cmdln.gd:46 in function '_init'
Enter "help" for assistance.
debug> 