Godot Engine v3.4.3.stable.official.242c05d12 - https://godotengine.org
OpenGL ES 3.0 Renderer: AMD Radeon Pro 450 OpenGL Engine
OpenGL ES Batching: ON
 
Registered camera FaceTime HD Camera (Built-in) with id 1 position 0 at index 0

Debugger Break, Reason: 'Parser Error: Expected end of statement ("var"), got ':' instead.'
*Frame 0 - res://addons/gut/gut.gd:38 in function ''
Enter "help" for assistance.
debug> SCRIPT ERROR: Parse Error: Expected end of statement ("var"), got ':' instead.
   at: GDScript::reload (res://addons/gut/gut.gd:38) - Parse Error: Expected end of statement ("var"), got ':' instead.
ERROR: Method failed. Returning: ERR_PARSE_ERROR
   at: reload (modules/gdscript/gdscript.cpp:577) - Method failed. Returning: ERR_PARSE_ERROR

Debugger Break, Reason: 'Parser Error: Parse error: Unexpected '@''
*Frame 0 - res://addons/gut/gui/GutRunner.gd:19 in function ''
Enter "help" for assistance.
debug> SCRIPT ERROR: Parse Error: Parse error: Unexpected '@'
   at: GDScript::reload (res://addons/gut/gui/GutRunner.gd:19) - Parse Error: Parse error: Unexpected '@'
ERROR: Method failed. Returning: ERR_PARSE_ERROR
   at: reload (modules/gdscript/gdscript.cpp:577) - Method failed. Returning: ERR_PARSE_ERROR

Debugger Break, Reason: 'Invalid call. Nonexistent function 'new' in base '_JSON'.'
*Frame 0 - res://addons/gut/gut_cmdln.gd:46 in function '_init'
Enter "help" for assistance.
debug> 